09:01:50  Starting detach viz refresh...
09:02:28  [WARN] pyarrow is not installed by default since databricks-sql-connector 4.0.0,any arrow specific api (e.g. fetchmany_arrow) and cloud fetch will be disabled.If you need these features, please run pip install pyarrow or pip install databricks-sql-connector[pyarrow] to install
09:02:28  Received status code 200 for POST request
09:02:28  HTTP Response with status code 200, message: OK
09:02:28  Successfully opened session 01f129f6-5aae-14aa-bfff-f662b290f77b
09:02:28  Received status code 200 for GET request
09:02:28  Running query: cohort_sizes
09:02:30  Received status code 200 for POST request
09:02:30  HTTP Response with status code 200, message: OK
09:02:31    -> 4 rows
09:02:31  Running query: fs_filings
09:12:29  Received status code 200 for POST request
09:12:29  HTTP Response with status code 200, message: OK
09:12:29    -> 49 rows
09:12:29  Running query: filing_windows
09:12:35  Received status code 200 for POST request
09:12:35  HTTP Response with status code 200, message: OK
09:12:36  Received status code 200 for POST request
09:12:36  HTTP Response with status code 200, message: OK
09:12:36  Received status code 200 for POST request
09:12:36  HTTP Response with status code 200, message: OK
09:12:36  Received status code 200 for POST request
09:12:36  HTTP Response with status code 200, message: OK
09:12:37  Received status code 200 for POST request
09:12:37  HTTP Response with status code 200, message: OK
09:12:37    -> 3 rows
09:12:37  Running query: post_action_filings
09:12:40  Received status code 200 for POST request
09:12:40  HTTP Response with status code 200, message: OK
09:12:40    -> 2 rows
09:12:40  Running query: engagement_states
09:12:45  Received status code 200 for POST request
09:12:45  HTTP Response with status code 200, message: OK
09:12:46  Received status code 200 for POST request
09:12:46  HTTP Response with status code 200, message: OK
09:12:46  Received status code 200 for POST request
09:12:46  HTTP Response with status code 200, message: OK
09:12:47  Received status code 200 for POST request
09:12:47  HTTP Response with status code 200, message: OK
09:12:47  Received status code 200 for POST request
09:12:47  HTTP Response with status code 200, message: OK
09:12:47    -> 15 rows
09:12:47  Running query: wip_clearing
09:12:51  Received status code 200 for POST request
09:12:51  HTTP Response with status code 200, message: OK
09:12:51    -> 4 rows
09:12:51  Running query: milestones
09:21:05  Received status code 200 for POST request
09:21:05  HTTP Response with status code 200, message: OK
09:21:05    -> 29 rows
09:21:05  Running query: diwm
09:21:09  Received status code 200 for POST request
09:21:09  HTTP Response with status code 200, message: OK
09:21:09    -> 4 rows
09:21:09  Running query: appointments
09:21:13  Received status code 200 for POST request
09:21:13  HTTP Response with status code 200, message: OK
09:21:13    -> 47 rows
09:21:13  Closing session 01f129f6-5aae-14aa-bfff-f662b290f77b
09:21:13  Received status code 200 for POST request
09:21:13  HTTP Response with status code 200, message: OK
09:21:13  Rendered /Users/lhuang6/detach-test-full-read/index.html (36,559 bytes)
[main 061175e] Daily refresh 2026-03-27
 2 files changed, 146 insertions(+), 84 deletions(-)
 create mode 100644 run.log
09:21:13  Received status code 200 for POST request
To https://github.com/Lanny-Huang/detach-test-full-read.git
   72ecd82..061175e  main -> main
09:21:15  Pushed to GitHub Pages (2026-03-27).
09:21:15  Done.
09:14:41  Starting detach viz refresh (v2 — 6-cohort)...
09:14:43  Run failed: Command '['/opt/homebrew/bin/databricks', 'auth', 'token', '--profile', 'intuit-e2-739275435815-exploration-prd']' returned non-zero exit status 1.
09:14:43  Failure email sent.
Traceback (most recent call last):
  File "/Users/lhuang6/detach-test-full-read/run.py", line 707, in <module>
    token = get_databricks_token()
  File "/Users/lhuang6/detach-test-full-read/run.py", line 151, in get_databricks_token
    result = subprocess.run(
        ["/opt/homebrew/bin/databricks", "auth", "token", "--profile", DB_PROFILE],
        capture_output=True, text=True, check=True,
    )
  File "/opt/homebrew/Cellar/python@3.14/3.14.3_1/Frameworks/Python.framework/Versions/3.14/lib/python3.14/subprocess.py", line 577, in run
    raise CalledProcessError(retcode, process.args,
                             output=stdout, stderr=stderr)
subprocess.CalledProcessError: Command '['/opt/homebrew/bin/databricks', 'auth', 'token', '--profile', 'intuit-e2-739275435815-exploration-prd']' returned non-zero exit status 1.
09:08:17  Starting detach viz refresh (v2 — 6-cohort)...
09:08:17  Run failed: Command '['/opt/homebrew/bin/databricks', 'auth', 'token', '--profile', 'intuit-e2-739275435815-exploration-prd']' returned non-zero exit status 1.
09:08:18  Failure email sent.
Traceback (most recent call last):
  File "/Users/lhuang6/detach-test-full-read/run.py", line 707, in <module>
    token = get_databricks_token()
  File "/Users/lhuang6/detach-test-full-read/run.py", line 151, in get_databricks_token
    result = subprocess.run(
        ["/opt/homebrew/bin/databricks", "auth", "token", "--profile", DB_PROFILE],
        capture_output=True, text=True, check=True,
    )
  File "/opt/homebrew/Cellar/python@3.14/3.14.3_1/Frameworks/Python.framework/Versions/3.14/lib/python3.14/subprocess.py", line 577, in run
    raise CalledProcessError(retcode, process.args,
                             output=stdout, stderr=stderr)
subprocess.CalledProcessError: Command '['/opt/homebrew/bin/databricks', 'auth', 'token', '--profile', 'intuit-e2-739275435815-exploration-prd']' returned non-zero exit status 1.
09:36:59  Starting detach viz refresh (v2 — 6-cohort)...
09:37:00  Run failed: Command '['/opt/homebrew/bin/databricks', 'auth', 'token', '--profile', 'intuit-e2-739275435815-exploration-prd']' returned non-zero exit status 1.
09:37:04  Failure email sent.
Traceback (most recent call last):
  File "/Users/lhuang6/detach-test-full-read/run.py", line 707, in <module>
    token = get_databricks_token()
  File "/Users/lhuang6/detach-test-full-read/run.py", line 151, in get_databricks_token
    result = subprocess.run(
        ["/opt/homebrew/bin/databricks", "auth", "token", "--profile", DB_PROFILE],
        capture_output=True, text=True, check=True,
    )
  File "/opt/homebrew/Cellar/python@3.14/3.14.3_1/Frameworks/Python.framework/Versions/3.14/lib/python3.14/subprocess.py", line 577, in run
    raise CalledProcessError(retcode, process.args,
                             output=stdout, stderr=stderr)
subprocess.CalledProcessError: Command '['/opt/homebrew/bin/databricks', 'auth', 'token', '--profile', 'intuit-e2-739275435815-exploration-prd']' returned non-zero exit status 1.
09:00:46  Starting detach viz refresh (v2 — 6-cohort)...
09:00:55  [WARN] pyarrow is not installed by default since databricks-sql-connector 4.0.0,any arrow specific api (e.g. fetchmany_arrow) and cloud fetch will be disabled.If you need these features, please run pip install pyarrow or pip install databricks-sql-connector[pyarrow] to install
09:00:55  Received status code 200 for POST request
09:00:55  HTTP Response with status code 200, message: OK
09:00:55  Successfully opened session 01f12d1a-cd0e-11e1-ab48-a5b882d356f0
09:00:56  Received status code 200 for GET request
09:00:56  Running query: cohort_sizes
09:00:58  Received status code 200 for POST request
09:00:58  HTTP Response with status code 200, message: OK
09:00:58    -> 4 rows
09:00:58  Running query: engagement_detail
09:01:00  Received status code 200 for POST request
09:01:00  HTTP Response with status code 200, message: OK
09:01:04    -> 54313 rows
09:01:04  Running query: franchise_completion
09:01:06  Received status code 200 for POST request
09:01:06  HTTP Response with status code 200, message: OK
09:01:09    -> 54313 rows
09:01:09  Running query: diwm
09:01:12  Received status code 200 for POST request
09:01:12  HTTP Response with status code 200, message: OK
09:01:15    -> 54313 rows
09:01:15  Closing session 01f12d1a-cd0e-11e1-ab48-a5b882d356f0
09:01:15  Received status code 200 for POST request
09:01:15  HTTP Response with status code 200, message: OK
09:01:15  Loaded action IDs: 6082 detach, 6236 unassign
09:01:15  Cohort sizes: {'Detach_Acted': 6082, 'Detach_MsgOnly': 11671, 'Holdout_Full': 2344, 'Holdout_LowIntent': 1602, 'Unassign_Acted': 6235, 'Unassign_MsgOnly': 11523}
09:01:15  Received status code 200 for POST request
09:01:19  Rendered /Users/lhuang6/detach-test-full-read/index.html (32,658 bytes)
[main 4e4ee09] Daily refresh 2026-03-31
 2 files changed, 76 insertions(+), 47 deletions(-)
To https://github.com/Lanny-Huang/detach-test-full-read.git
   739eeae..4e4ee09  main -> main
09:01:22  Pushed to GitHub Pages (2026-03-31).
09:01:22  Done.
09:00:09  Starting detach viz refresh (v2 — 6-cohort)...
09:00:09  [WARN] pyarrow is not installed by default since databricks-sql-connector 4.0.0,any arrow specific api (e.g. fetchmany_arrow) and cloud fetch will be disabled.If you need these features, please run pip install pyarrow or pip install databricks-sql-connector[pyarrow] to install
09:00:09  Received status code 200 for POST request
09:00:09  HTTP Response with status code 200, message: OK
09:00:09  Successfully opened session 01f12de3-dc2b-1756-bab5-912e39dd736f
09:00:10  Received status code 200 for GET request
09:00:10  Running query: cohort_sizes
09:00:14  Received status code 200 for POST request
09:00:14  HTTP Response with status code 200, message: OK
09:00:14    -> 4 rows
09:00:14  Running query: engagement_detail
09:00:16  Received status code 200 for POST request
09:00:16  HTTP Response with status code 200, message: OK
09:00:19    -> 54313 rows
09:00:19  Running query: franchise_completion
09:00:22  Received status code 200 for POST request
09:00:22  HTTP Response with status code 200, message: OK
09:00:25    -> 54313 rows
09:00:25  Running query: diwm
09:00:30  Received status code 200 for POST request
09:00:30  HTTP Response with status code 200, message: OK
09:00:35  Received status code 200 for POST request
09:00:35  HTTP Response with status code 200, message: OK
09:00:35  Received status code 200 for POST request
09:00:35  HTTP Response with status code 200, message: OK
09:00:36  Received status code 200 for POST request
09:00:36  HTTP Response with status code 200, message: OK
09:00:36  Received status code 200 for POST request
09:00:36  HTTP Response with status code 200, message: OK
09:00:39  Received status code 200 for POST request
09:00:39  HTTP Response with status code 200, message: OK
09:00:39    -> 54313 rows
09:00:39  Closing session 01f12de3-dc2b-1756-bab5-912e39dd736f
09:00:39  Received status code 200 for POST request
09:00:39  HTTP Response with status code 200, message: OK
09:00:39  Loaded action IDs: 6082 detach, 6236 unassign
09:00:40  Received status code 429 for POST request
09:00:40  Cohort sizes: {'Detach_Acted': 6082, 'Detach_MsgOnly': 11671, 'Holdout_Full': 2344, 'Holdout_LowIntent': 1602, 'Unassign_Acted': 6235, 'Unassign_MsgOnly': 11523}
09:00:43  Rendered /Users/lhuang6/detach-test-full-read/index.html (32,759 bytes)
[main d303e6a] Daily refresh 2026-04-01
 2 files changed, 118 insertions(+), 73 deletions(-)
To https://github.com/Lanny-Huang/detach-test-full-read.git
   4e4ee09..d303e6a  main -> main
09:00:47  Pushed to GitHub Pages (2026-04-01).
09:00:47  Done.
09:00:50  Received status code 200 for POST request
09:12:46  Starting detach viz refresh (v2 — 6-cohort)...
09:12:47  [WARN] pyarrow is not installed by default since databricks-sql-connector 4.0.0,any arrow specific api (e.g. fetchmany_arrow) and cloud fetch will be disabled.If you need these features, please run pip install pyarrow or pip install databricks-sql-connector[pyarrow] to install
09:12:47  Received status code 200 for POST request
09:12:47  HTTP Response with status code 200, message: OK
09:12:47  Successfully opened session 01f12eae-ca3a-1444-906d-df7d390c1e99
09:12:48  Received status code 200 for GET request
09:12:48  Running query: cohort_sizes
09:12:50  Received status code 200 for POST request
09:12:50  HTTP Response with status code 200, message: OK
09:12:50    -> 4 rows
09:12:50  Running query: engagement_detail
09:12:52  Received status code 200 for POST request
09:12:52  HTTP Response with status code 200, message: OK
09:12:59    -> 54313 rows
09:12:59  Running query: franchise_completion
09:13:01  Received status code 200 for POST request
09:13:01  HTTP Response with status code 200, message: OK
09:13:07    -> 54313 rows
09:13:07  Running query: diwm
09:13:13  Received status code 200 for POST request
09:13:13  HTTP Response with status code 200, message: OK
09:13:17  Received status code 200 for POST request
09:13:17  HTTP Response with status code 200, message: OK
09:13:17  Received status code 200 for POST request
09:13:17  HTTP Response with status code 200, message: OK
09:13:17  Received status code 200 for POST request
09:13:17  HTTP Response with status code 200, message: OK
09:13:20  Received status code 200 for POST request
09:13:20  HTTP Response with status code 200, message: OK
09:13:20    -> 54313 rows
09:13:20  Closing session 01f12eae-ca3a-1444-906d-df7d390c1e99
09:13:20  Received status code 200 for POST request
09:13:20  HTTP Response with status code 200, message: OK
09:13:20  Loaded action IDs: 6082 detach, 6236 unassign
09:13:21  Cohort sizes: {'Detach_Acted': 6082, 'Detach_MsgOnly': 11671, 'Holdout_Full': 2344, 'Holdout_LowIntent': 1602, 'Unassign_Acted': 6235, 'Unassign_MsgOnly': 11523}
09:13:21  Received status code 429 for POST request
09:13:24  Rendered /Users/lhuang6/detach-test-full-read/index.html (32,885 bytes)
[main efe450a] Daily refresh 2026-04-02
 2 files changed, 107 insertions(+), 63 deletions(-)
To https://github.com/Lanny-Huang/detach-test-full-read.git
   d303e6a..efe450a  main -> main
09:13:26  Pushed to GitHub Pages (2026-04-02).
09:13:26  Done.
09:13:31  Received status code 200 for POST request
09:10:52  Starting detach viz refresh (v2 — 6-cohort)...
09:10:52  Run failed: Command '['/opt/homebrew/bin/databricks', 'auth', 'token', '--profile', 'intuit-e2-739275435815-exploration-prd']' returned non-zero exit status 1.
09:10:55  Failure email sent.
Traceback (most recent call last):
  File "/Users/lhuang6/detach-test-full-read/run.py", line 707, in <module>
    token = get_databricks_token()
  File "/Users/lhuang6/detach-test-full-read/run.py", line 151, in get_databricks_token
    result = subprocess.run(
        ["/opt/homebrew/bin/databricks", "auth", "token", "--profile", DB_PROFILE],
        capture_output=True, text=True, check=True,
    )
  File "/opt/homebrew/Cellar/python@3.14/3.14.3_1/Frameworks/Python.framework/Versions/3.14/lib/python3.14/subprocess.py", line 577, in run
    raise CalledProcessError(retcode, process.args,
                             output=stdout, stderr=stderr)
subprocess.CalledProcessError: Command '['/opt/homebrew/bin/databricks', 'auth', 'token', '--profile', 'intuit-e2-739275435815-exploration-prd']' returned non-zero exit status 1.
09:28:34  Starting detach viz refresh (v2 — 6-cohort)...
09:28:36  [WARN] pyarrow is not installed by default since databricks-sql-connector 4.0.0,any arrow specific api (e.g. fetchmany_arrow) and cloud fetch will be disabled.If you need these features, please run pip install pyarrow or pip install databricks-sql-connector[pyarrow] to install
09:28:48  Received status code 200 for POST request
09:28:48  HTTP Response with status code 200, message: OK
09:28:48  Successfully opened session 01f13043-5bc3-17a2-8622-24233a74e0bf
09:28:49  Received status code 200 for GET request
09:28:49  Running query: cohort_sizes
09:28:49  Received status code 200 for POST request
09:28:49  HTTP Response with status code 200, message: OK
09:37:01  Received status code 200 for POST request
09:37:01  HTTP Response with status code 200, message: OK
09:37:04  Retrying (DatabricksRetryPolicy(total=29, connect=None, read=None, redirect=None, status=None)) after connection broken by 'RemoteDisconnected('Remote end closed connection without response')': /sql/1.0/warehouses/8da963fd21c39bf4
09:37:08  Retrying (DatabricksRetryPolicy(total=28, connect=None, read=None, redirect=None, status=None)) after connection broken by 'ConnectionResetError(54, 'Connection reset by peer')': /sql/1.0/warehouses/8da963fd21c39bf4
09:37:16  Retrying (DatabricksRetryPolicy(total=27, connect=None, read=None, redirect=None, status=None)) after connection broken by 'ConnectionResetError(54, 'Connection reset by peer')': /sql/1.0/warehouses/8da963fd21c39bf4
10:27:44  Retrying (DatabricksRetryPolicy(total=26, connect=None, read=None, redirect=None, status=None)) after connection broken by 'NewConnectionError("HTTPSConnection(host='intuit-e2-739275435815-exploration-prd.cloud.databricks.com', port=443): Failed to establish a new connection: [Errno 53] Software caused connection abort")': /sql/1.0/warehouses/8da963fd21c39bf4
10:27:45  ThriftBackend.attempt_request: Exception: Retry request would exceed Retry policy max retry duration of 900.0 seconds
10:27:45  Error during request to server. Retry request would exceed Retry policy max retry duration of 900.0 seconds: {"method": "GetOperationStatus", "session-id": null, "query-id": "b'\\x01\\xf10C\\\\#\\x10f\\xb8\\xa4\\x19\\x8d\\xa2&\\x1c\\xba'", "http-code": 200, "error-message": "", "original-exception": "Retry request would exceed Retry policy max retry duration of 900.0 seconds", "no-retry-reason": "non-retryable error", "bounded-retry-delay": null, "attempt": "1/30", "elapsed-seconds": "3044.138130903244/900.0"}
10:27:45  Closing session 01f13043-5bc3-17a2-8622-24233a74e0bf
10:27:48  Retrying (DatabricksRetryPolicy(total=29, connect=None, read=None, redirect=None, status=None)) after connection broken by 'ConnectionResetError(54, 'Connection reset by peer')': /sql/1.0/warehouses/8da963fd21c39bf4
10:37:57  Retrying (DatabricksRetryPolicy(total=28, connect=None, read=None, redirect=None, status=None)) after connection broken by 'ConnectionResetError(54, 'Connection reset by peer')': /sql/1.0/warehouses/8da963fd21c39bf4
10:38:05  Retrying (DatabricksRetryPolicy(total=27, connect=None, read=None, redirect=None, status=None)) after connection broken by 'SSLError(SSLEOFError(8, '[SSL: UNEXPECTED_EOF_WHILE_READING] EOF occurred in violation of protocol (_ssl.c:1081)'))': /sql/1.0/warehouses/8da963fd21c39bf4
10:42:30  Retrying (DatabricksRetryPolicy(total=26, connect=None, read=None, redirect=None, status=None)) after connection broken by 'ConnectionResetError(54, 'Connection reset by peer')': /sql/1.0/warehouses/8da963fd21c39bf4
10:42:31  ThriftBackend.attempt_request: Exception: Retry request would exceed Retry policy max retry duration of 900.0 seconds
10:42:31  Error during request to server. Retry request would exceed Retry policy max retry duration of 900.0 seconds: {"method": "CloseSession", "session-id": "b'\\x01\\xf10C[\\xc3\\x17\\xa2\\x86\"$#:t\\xe0\\xbf'", "query-id": null, "http-code": 200, "error-message": "", "original-exception": "Retry request would exceed Retry policy max retry duration of 900.0 seconds", "no-retry-reason": "non-retryable error", "bounded-retry-delay": null, "attempt": "1/30", "elapsed-seconds": "885.2751319408417/900.0"}
10:42:31  Run failed: Error during request to server. Retry request would exceed Retry policy max retry duration of 900.0 seconds
10:42:33  Retrying (DatabricksRetryPolicy(total=4, connect=None, read=None, redirect=None, status=None)) after connection broken by 'ConnectionResetError(54, 'Connection reset by peer')': /telemetry-ext
10:42:38  Retrying (DatabricksRetryPolicy(total=3, connect=None, read=None, redirect=None, status=None)) after connection broken by 'SSLError(SSLEOFError(8, '[SSL: UNEXPECTED_EOF_WHILE_READING] EOF occurred in violation of protocol (_ssl.c:1081)'))': /telemetry-ext
10:42:38  Failure email sent.
Traceback (most recent call last):
  File "/Users/lhuang6/detach-test-full-read/run.py", line 708, in <module>
    data = run_queries(token)
  File "/Users/lhuang6/detach-test-full-read/run.py", line 188, in run_queries
    cur.execute(query)
    ~~~~~~~~~~~^^^^^^^
  File "/Users/lhuang6/Desktop/sto-env/lib/python3.14/site-packages/databricks/sql/telemetry/latency_logger.py", line 182, in wrapper
    return func(self, *args, **kwargs)
  File "/Users/lhuang6/Desktop/sto-env/lib/python3.14/site-packages/databricks/sql/client.py", line 1324, in execute
    self.active_result_set = self.backend.execute_command(
                             ~~~~~~~~~~~~~~~~~~~~~~~~~~~~^
        operation=prepared_operation,
        ^^^^^^^^^^^^^^^^^^^^^^^^^^^^^
    ...<9 lines>...
        row_limit=self.row_limit,
        ^^^^^^^^^^^^^^^^^^^^^^^^^
    )
    ^
  File "/Users/lhuang6/Desktop/sto-env/lib/python3.14/site-packages/databricks/sql/backend/thrift_backend.py", line 1054, in execute_command
    execute_response, has_more_rows = self._handle_execute_response(
                                      ~~~~~~~~~~~~~~~~~~~~~~~~~~~~~^
        resp, cursor
        ^^^^^^^^^^^^
    )
    ^
  File "/Users/lhuang6/Desktop/sto-env/lib/python3.14/site-packages/databricks/sql/backend/thrift_backend.py", line 1261, in _handle_execute_response
    final_operation_state = self._wait_until_command_done(
        resp.operationHandle,
        resp.directResults and resp.directResults.operationStatus,
    )
  File "/Users/lhuang6/Desktop/sto-env/lib/python3.14/site-packages/databricks/sql/backend/thrift_backend.py", line 951, in _wait_until_command_done
    poll_resp = self._poll_for_status(op_handle)
  File "/Users/lhuang6/Desktop/sto-env/lib/python3.14/site-packages/databricks/sql/backend/thrift_backend.py", line 669, in _poll_for_status
    return self.make_request(self._client.GetOperationStatus, req)
           ~~~~~~~~~~~~~~~~~^^^^^^^^^^^^^^^^^^^^^^^^^^^^^^^^^^^^^^
  File "/Users/lhuang6/Desktop/sto-env/lib/python3.14/site-packages/databricks/sql/backend/thrift_backend.py", line 524, in make_request
    self._handle_request_error(error_info, attempt, elapsed)
    ~~~~~~~~~~~~~~~~~~~~~~~~~~^^^^^^^^^^^^^^^^^^^^^^^^^^^^^^
  File "/Users/lhuang6/Desktop/sto-env/lib/python3.14/site-packages/databricks/sql/backend/thrift_backend.py", line 349, in _handle_request_error
    raise network_request_error
databricks.sql.exc.RequestError: Error during request to server. Retry request would exceed Retry policy max retry duration of 900.0 seconds
10:42:47  Retrying (DatabricksRetryPolicy(total=2, connect=None, read=None, redirect=None, status=None)) after connection broken by 'ConnectionResetError(54, 'Connection reset by peer')': /telemetry-ext
11:14:31  Retrying (DatabricksRetryPolicy(total=1, connect=None, read=None, redirect=None, status=None)) after connection broken by 'SSLError(SSLEOFError(8, '[SSL: UNEXPECTED_EOF_WHILE_READING] EOF occurred in violation of protocol (_ssl.c:1081)'))': /telemetry-ext
11:14:32  HTTP request error: Retry request would exceed Retry policy max retry duration of 300.0 seconds
09:11:38  Starting detach viz refresh (v2 — 6-cohort)...
09:11:38  Run failed: Command '['/opt/homebrew/bin/databricks', 'auth', 'token', '--profile', 'intuit-e2-739275435815-exploration-prd']' returned non-zero exit status 1.
09:11:38  Failure email sent.
Traceback (most recent call last):
  File "/Users/lhuang6/detach-test-full-read/run.py", line 707, in <module>
    token = get_databricks_token()
  File "/Users/lhuang6/detach-test-full-read/run.py", line 151, in get_databricks_token
    result = subprocess.run(
        ["/opt/homebrew/bin/databricks", "auth", "token", "--profile", DB_PROFILE],
        capture_output=True, text=True, check=True,
    )
  File "/opt/homebrew/Cellar/python@3.14/3.14.3_1/Frameworks/Python.framework/Versions/3.14/lib/python3.14/subprocess.py", line 577, in run
    raise CalledProcessError(retcode, process.args,
                             output=stdout, stderr=stderr)
subprocess.CalledProcessError: Command '['/opt/homebrew/bin/databricks', 'auth', 'token', '--profile', 'intuit-e2-739275435815-exploration-prd']' returned non-zero exit status 1.
09:02:23  Starting detach viz refresh (v2 — 6-cohort)...
09:02:23  Run failed: Command '['/opt/homebrew/bin/databricks', 'auth', 'token', '--profile', 'intuit-e2-739275435815-exploration-prd']' returned non-zero exit status 1.
09:02:28  Failure email sent.
Traceback (most recent call last):
  File "/Users/lhuang6/detach-test-full-read/run.py", line 707, in <module>
    token = get_databricks_token()
  File "/Users/lhuang6/detach-test-full-read/run.py", line 151, in get_databricks_token
    result = subprocess.run(
        ["/opt/homebrew/bin/databricks", "auth", "token", "--profile", DB_PROFILE],
        capture_output=True, text=True, check=True,
    )
  File "/opt/homebrew/Cellar/python@3.14/3.14.3_1/Frameworks/Python.framework/Versions/3.14/lib/python3.14/subprocess.py", line 577, in run
    raise CalledProcessError(retcode, process.args,
                             output=stdout, stderr=stderr)
subprocess.CalledProcessError: Command '['/opt/homebrew/bin/databricks', 'auth', 'token', '--profile', 'intuit-e2-739275435815-exploration-prd']' returned non-zero exit status 1.
09:01:42  Starting detach viz refresh (v2 — 6-cohort)...
09:02:25  [WARN] pyarrow is not installed by default since databricks-sql-connector 4.0.0,any arrow specific api (e.g. fetchmany_arrow) and cloud fetch will be disabled.If you need these features, please run pip install pyarrow or pip install databricks-sql-connector[pyarrow] to install
09:02:25  Received status code 200 for POST request
09:02:25  HTTP Response with status code 200, message: OK
09:02:25  Successfully opened session 01f1329b-2b9b-1ea1-83e1-fa438ebd6970
09:02:26  Received status code 200 for GET request
09:02:26  Running query: cohort_sizes
09:02:28  Received status code 200 for POST request
09:02:28  HTTP Response with status code 200, message: OK
09:02:28    -> 4 rows
09:02:28  Running query: engagement_detail
09:02:32  Received status code 200 for POST request
09:02:32  HTTP Response with status code 200, message: OK
09:02:36    -> 54313 rows
09:02:36  Running query: franchise_completion
09:02:38  Received status code 200 for POST request
09:02:38  HTTP Response with status code 200, message: OK
09:02:41    -> 54313 rows
09:02:41  Running query: diwm
09:02:44  Received status code 200 for POST request
09:02:44  HTTP Response with status code 200, message: OK
09:02:46    -> 54313 rows
09:02:46  Closing session 01f1329b-2b9b-1ea1-83e1-fa438ebd6970
09:02:47  Received status code 200 for POST request
09:02:47  HTTP Response with status code 200, message: OK
09:02:47  Loaded action IDs: 6082 detach, 6236 unassign
09:02:47  Cohort sizes: {'Detach_Acted': 6082, 'Detach_MsgOnly': 11671, 'Holdout_Full': 2344, 'Holdout_LowIntent': 1602, 'Unassign_Acted': 6235, 'Unassign_MsgOnly': 11523}
09:02:47  Received status code 200 for POST request
09:02:51  Rendered /Users/lhuang6/detach-test-full-read/index.html (33,257 bytes)
[main b7a502e] Daily refresh 2026-04-07
 2 files changed, 227 insertions(+), 74 deletions(-)
To https://github.com/Lanny-Huang/detach-test-full-read.git
   efe450a..b7a502e  main -> main
09:02:52  Pushed to GitHub Pages (2026-04-07).
09:02:52  Done.
09:04:20  Starting detach viz refresh (v2 — 6-cohort)...
09:04:21  [WARN] pyarrow is not installed by default since databricks-sql-connector 4.0.0,any arrow specific api (e.g. fetchmany_arrow) and cloud fetch will be disabled.If you need these features, please run pip install pyarrow or pip install databricks-sql-connector[pyarrow] to install
09:04:21  Received status code 200 for POST request
09:04:21  HTTP Response with status code 200, message: OK
09:04:21  Successfully opened session 01f13364-9b05-1cb5-ad00-1bfec0dec21c
09:04:21  Received status code 200 for GET request
09:04:21  Running query: cohort_sizes
09:04:27  Received status code 200 for POST request
09:04:27  HTTP Response with status code 200, message: OK
09:04:29  Received status code 200 for POST request
09:04:29  HTTP Response with status code 200, message: OK
09:04:29  Received status code 200 for POST request
09:04:29  HTTP Response with status code 200, message: OK
09:04:29  Received status code 200 for POST request
09:04:29  HTTP Response with status code 200, message: OK
09:04:29  Received status code 200 for POST request
09:04:29  HTTP Response with status code 200, message: OK
09:04:29    -> 4 rows
09:04:29  Running query: engagement_detail
09:04:34  Received status code 200 for POST request
09:04:34  HTTP Response with status code 200, message: OK
09:04:35  Received status code 200 for POST request
09:04:35  HTTP Response with status code 200, message: OK
09:04:35  Received status code 200 for POST request
09:04:35  HTTP Response with status code 200, message: OK
09:04:35  Received status code 200 for POST request
09:04:35  HTTP Response with status code 200, message: OK
09:04:41  Received status code 200 for POST request
09:04:41  HTTP Response with status code 200, message: OK
09:04:41    -> 54313 rows
09:04:41  Running query: franchise_completion
09:04:46  Received status code 200 for POST request
09:04:46  HTTP Response with status code 200, message: OK
09:04:47  Received status code 200 for POST request
09:04:47  HTTP Response with status code 200, message: OK
09:04:47  Received status code 200 for POST request
09:04:47  HTTP Response with status code 200, message: OK
09:04:47  Received status code 200 for POST request
09:04:47  HTTP Response with status code 200, message: OK
09:04:55  Received status code 200 for POST request
09:04:55  HTTP Response with status code 200, message: OK
09:04:55    -> 54313 rows
09:04:55  Running query: diwm
09:05:01  Received status code 200 for POST request
09:05:01  HTTP Response with status code 200, message: OK
09:05:02  Received status code 200 for POST request
09:05:02  HTTP Response with status code 200, message: OK
09:05:02  Received status code 200 for POST request
09:05:02  HTTP Response with status code 200, message: OK
09:05:02  Received status code 200 for POST request
09:05:02  HTTP Response with status code 200, message: OK
09:05:09  Received status code 200 for POST request
09:05:09  HTTP Response with status code 200, message: OK
09:05:09    -> 54313 rows
09:05:09  Closing session 01f13364-9b05-1cb5-ad00-1bfec0dec21c
09:05:09  Received status code 200 for POST request
09:05:09  HTTP Response with status code 200, message: OK
09:05:09  Loaded action IDs: 6082 detach, 6236 unassign
09:05:09  Cohort sizes: {'Detach_Acted': 6082, 'Detach_MsgOnly': 11671, 'Holdout_Full': 2344, 'Holdout_LowIntent': 1602, 'Unassign_Acted': 6235, 'Unassign_MsgOnly': 11523}
09:05:10  Received status code 200 for POST request
09:05:13  Rendered /Users/lhuang6/detach-test-full-read/index.html (33,290 bytes)
[main b697530] Daily refresh 2026-04-08
 2 files changed, 134 insertions(+), 67 deletions(-)
To https://github.com/Lanny-Huang/detach-test-full-read.git
   b7a502e..b697530  main -> main
09:05:15  Pushed to GitHub Pages (2026-04-08).
09:05:15  Done.
09:04:39  Starting detach viz refresh (v2 — 6-cohort)...
09:04:44  [WARN] pyarrow is not installed by default since databricks-sql-connector 4.0.0,any arrow specific api (e.g. fetchmany_arrow) and cloud fetch will be disabled.If you need these features, please run pip install pyarrow or pip install databricks-sql-connector[pyarrow] to install
09:04:46  Received status code 200 for POST request
09:04:46  HTTP Response with status code 200, message: OK
09:04:46  Successfully opened session 01f1342d-d430-1e51-89d5-d5afb1e968f1
09:04:48  Received status code 200 for GET request
09:04:48  Running query: cohort_sizes
09:04:51  Received status code 200 for POST request
09:04:51  HTTP Response with status code 200, message: OK
09:04:52    -> 4 rows
09:04:52  Running query: engagement_detail
09:04:54  Received status code 200 for POST request
09:04:54  HTTP Response with status code 200, message: OK
09:04:58    -> 54313 rows
09:04:58  Running query: franchise_completion
09:05:00  Received status code 200 for POST request
09:05:00  HTTP Response with status code 200, message: OK
09:05:04    -> 54313 rows
09:05:04  Running query: diwm
09:05:06  Received status code 200 for POST request
09:05:06  HTTP Response with status code 200, message: OK
09:05:09    -> 54313 rows
09:05:09  Closing session 01f1342d-d430-1e51-89d5-d5afb1e968f1
09:05:09  Received status code 200 for POST request
09:05:09  HTTP Response with status code 200, message: OK
09:05:09  Loaded action IDs: 6082 detach, 6236 unassign
09:05:10  Cohort sizes: {'Detach_Acted': 6082, 'Detach_MsgOnly': 11671, 'Holdout_Full': 2344, 'Holdout_LowIntent': 1602, 'Unassign_Acted': 6235, 'Unassign_MsgOnly': 11523}
09:05:10  Received status code 429 for POST request
09:05:13  Rendered /Users/lhuang6/detach-test-full-read/index.html (33,334 bytes)
[main dc1089e] Daily refresh 2026-04-09
 2 files changed, 95 insertions(+), 66 deletions(-)
To https://github.com/Lanny-Huang/detach-test-full-read.git
   f71f180..dc1089e  main -> main
09:05:15  Pushed to GitHub Pages (2026-04-09).
09:05:15  Done.
09:05:22  Received status code 200 for POST request
09:10:27  Starting detach viz refresh (v2 — 6-cohort)...
09:28:03  [WARN] pyarrow is not installed by default since databricks-sql-connector 4.0.0,any arrow specific api (e.g. fetchmany_arrow) and cloud fetch will be disabled.If you need these features, please run pip install pyarrow or pip install databricks-sql-connector[pyarrow] to install
09:28:14  Received status code 200 for POST request
09:28:14  HTTP Response with status code 200, message: OK
09:28:14  Successfully opened session 01f134fa-45fe-1b91-869f-66295af95e0a
09:28:15  Received status code 200 for GET request
09:28:15  Running query: cohort_sizes
09:59:48  ThriftBackend.attempt_request: Exception: Retry request would exceed Retry policy max retry duration of 900.0 seconds
09:59:48  Error during request to server. Retry request would exceed Retry policy max retry duration of 900.0 seconds: {"method": "ExecuteStatement", "session-id": "b'\\x01\\xf14\\xfaE\\xfe\\x1b\\x91\\x86\\x9ff)Z\\xf9^\\n'", "query-id": null, "http-code": 200, "error-message": "", "original-exception": "Retry request would exceed Retry policy max retry duration of 900.0 seconds", "no-retry-reason": "non-retryable error", "bounded-retry-delay": null, "attempt": "1/30", "elapsed-seconds": "1892.467423915863/900.0"}
09:59:48  Closing session 01f134fa-45fe-1b91-869f-66295af95e0a
09:59:52  Received status code 200 for POST request
09:59:52  HTTP Response with status code 200, message: OK
09:59:52  Run failed: Error during request to server. Retry request would exceed Retry policy max retry duration of 900.0 seconds
10:00:05  Failure email sent.
Traceback (most recent call last):
  File "/Users/lhuang6/detach-test-full-read/run.py", line 708, in <module>
    data = run_queries(token)
  File "/Users/lhuang6/detach-test-full-read/run.py", line 188, in run_queries
    cur.execute(query)
    ~~~~~~~~~~~^^^^^^^
  File "/Users/lhuang6/Desktop/sto-env/lib/python3.14/site-packages/databricks/sql/telemetry/latency_logger.py", line 182, in wrapper
    return func(self, *args, **kwargs)
  File "/Users/lhuang6/Desktop/sto-env/lib/python3.14/site-packages/databricks/sql/client.py", line 1324, in execute
    self.active_result_set = self.backend.execute_command(
                             ~~~~~~~~~~~~~~~~~~~~~~~~~~~~^
        operation=prepared_operation,
        ^^^^^^^^^^^^^^^^^^^^^^^^^^^^^
    ...<9 lines>...
        row_limit=self.row_limit,
        ^^^^^^^^^^^^^^^^^^^^^^^^^
    )
    ^
  File "/Users/lhuang6/Desktop/sto-env/lib/python3.14/site-packages/databricks/sql/backend/thrift_backend.py", line 1048, in execute_command
    resp = self.make_request(self._client.ExecuteStatement, req)
  File "/Users/lhuang6/Desktop/sto-env/lib/python3.14/site-packages/databricks/sql/backend/thrift_backend.py", line 524, in make_request
    self._handle_request_error(error_info, attempt, elapsed)
    ~~~~~~~~~~~~~~~~~~~~~~~~~~^^^^^^^^^^^^^^^^^^^^^^^^^^^^^^
  File "/Users/lhuang6/Desktop/sto-env/lib/python3.14/site-packages/databricks/sql/backend/thrift_backend.py", line 349, in _handle_request_error
    raise network_request_error
databricks.sql.exc.RequestError: Error during request to server. Retry request would exceed Retry policy max retry duration of 900.0 seconds
10:00:09  Received status code 200 for POST request
/Users/lhuang6/detach-test-full-read/refresh.sh: line 10: /Users/lhuang6/Desktop/sto-env/bin/python: No such file or directory
/Users/lhuang6/detach-test-full-read/refresh.sh: line 10: /Users/lhuang6/Desktop/sto-env/bin/python: No such file or directory
/Users/lhuang6/detach-test-full-read/refresh.sh: line 10: /Users/lhuang6/Desktop/sto-env/bin/python: No such file or directory
/Users/lhuang6/detach-test-full-read/refresh.sh: line 10: /Users/lhuang6/Desktop/sto-env/bin/python: No such file or directory
/Users/lhuang6/detach-test-full-read/refresh.sh: line 10: /Users/lhuang6/Desktop/sto-env/bin/python: No such file or directory
/Users/lhuang6/detach-test-full-read/refresh.sh: line 10: /Users/lhuang6/Desktop/sto-env/bin/python: No such file or directory
/Users/lhuang6/detach-test-full-read/refresh.sh: line 10: /Users/lhuang6/Desktop/sto-env/bin/python: No such file or directory
/Users/lhuang6/detach-test-full-read/refresh.sh: line 10: /Users/lhuang6/Desktop/sto-env/bin/python: No such file or directory
/Users/lhuang6/detach-test-full-read/refresh.sh: line 10: /Users/lhuang6/Desktop/sto-env/bin/python: No such file or directory
/Users/lhuang6/detach-test-full-read/refresh.sh: line 10: /Users/lhuang6/Desktop/sto-env/bin/python: No such file or directory
/Users/lhuang6/detach-test-full-read/refresh.sh: line 10: /Users/lhuang6/Desktop/sto-env/bin/python: No such file or directory
/Users/lhuang6/detach-test-full-read/refresh.sh: line 10: /Users/lhuang6/Desktop/sto-env/bin/python: No such file or directory
/Users/lhuang6/detach-test-full-read/refresh.sh: line 10: /Users/lhuang6/Desktop/sto-env/bin/python: No such file or directory
/Users/lhuang6/detach-test-full-read/refresh.sh: line 10: /Users/lhuang6/Desktop/sto-env/bin/python: No such file or directory
/Users/lhuang6/detach-test-full-read/refresh.sh: line 10: /Users/lhuang6/Desktop/sto-env/bin/python: No such file or directory
/Users/lhuang6/detach-test-full-read/refresh.sh: line 10: /Users/lhuang6/Desktop/sto-env/bin/python: No such file or directory
/Users/lhuang6/detach-test-full-read/refresh.sh: line 10: /Users/lhuang6/Desktop/sto-env/bin/python: No such file or directory
/Users/lhuang6/detach-test-full-read/refresh.sh: line 10: /Users/lhuang6/Desktop/sto-env/bin/python: No such file or directory
/Users/lhuang6/detach-test-full-read/refresh.sh: line 10: /Users/lhuang6/Desktop/sto-env/bin/python: No such file or directory
/Users/lhuang6/detach-test-full-read/refresh.sh: line 10: /Users/lhuang6/Desktop/sto-env/bin/python: No such file or directory
/Users/lhuang6/detach-test-full-read/refresh.sh: line 10: /Users/lhuang6/Desktop/sto-env/bin/python: No such file or directory
/Users/lhuang6/detach-test-full-read/refresh.sh: line 10: /Users/lhuang6/Desktop/sto-env/bin/python: No such file or directory
/Users/lhuang6/detach-test-full-read/refresh.sh: line 10: /Users/lhuang6/Desktop/sto-env/bin/python: No such file or directory
09:14:17  Starting detach viz refresh (v2 — 6-cohort)...
09:14:51  Run failed: Command '['/opt/homebrew/bin/databricks', 'auth', 'token', '--profile', 'intuit-e2-739275435815-exploration-prd']' returned non-zero exit status 1.
09:14:54  Failure email sent.
Traceback (most recent call last):
  File "/Users/lhuang6/detach-test-full-read/run.py", line 735, in <module>
    token = get_databricks_token()
  File "/Users/lhuang6/detach-test-full-read/run.py", line 151, in get_databricks_token
    result = subprocess.run(
        ["/opt/homebrew/bin/databricks", "auth", "token", "--profile", DB_PROFILE],
        capture_output=True, text=True, check=True,
    )
  File "/opt/homebrew/Cellar/python@3.14/3.14.3_1/Frameworks/Python.framework/Versions/3.14/lib/python3.14/subprocess.py", line 577, in run
    raise CalledProcessError(retcode, process.args,
                             output=stdout, stderr=stderr)
subprocess.CalledProcessError: Command '['/opt/homebrew/bin/databricks', 'auth', 'token', '--profile', 'intuit-e2-739275435815-exploration-prd']' returned non-zero exit status 1.
09:23:27  Starting detach viz refresh (v2 — 6-cohort)...
10:05:13  Run failed: Command '['/opt/homebrew/bin/databricks', 'auth', 'token', '--profile', 'intuit-e2-739275435815-exploration-prd']' returned non-zero exit status 1.
10:23:44  Failure email sent.
Traceback (most recent call last):
  File "/Users/lhuang6/detach-test-full-read/run.py", line 735, in <module>
    token = get_databricks_token()
  File "/Users/lhuang6/detach-test-full-read/run.py", line 151, in get_databricks_token
    result = subprocess.run(
        ["/opt/homebrew/bin/databricks", "auth", "token", "--profile", DB_PROFILE],
        capture_output=True, text=True, check=True,
    )
  File "/opt/homebrew/Cellar/python@3.14/3.14.3_1/Frameworks/Python.framework/Versions/3.14/lib/python3.14/subprocess.py", line 577, in run
    raise CalledProcessError(retcode, process.args,
                             output=stdout, stderr=stderr)
subprocess.CalledProcessError: Command '['/opt/homebrew/bin/databricks', 'auth', 'token', '--profile', 'intuit-e2-739275435815-exploration-prd']' returned non-zero exit status 1.
09:11:07  Starting detach viz refresh (v2 — 6-cohort)...
09:11:11  Run failed: Command '['/opt/homebrew/bin/databricks', 'auth', 'token', '--profile', 'intuit-e2-739275435815-exploration-prd']' returned non-zero exit status 1.
09:11:13  Failure email sent.
Traceback (most recent call last):
  File "/Users/lhuang6/detach-test-full-read/run.py", line 735, in <module>
    token = get_databricks_token()
  File "/Users/lhuang6/detach-test-full-read/run.py", line 151, in get_databricks_token
    result = subprocess.run(
        ["/opt/homebrew/bin/databricks", "auth", "token", "--profile", DB_PROFILE],
        capture_output=True, text=True, check=True,
    )
  File "/opt/homebrew/Cellar/python@3.14/3.14.3_1/Frameworks/Python.framework/Versions/3.14/lib/python3.14/subprocess.py", line 577, in run
    raise CalledProcessError(retcode, process.args,
                             output=stdout, stderr=stderr)
subprocess.CalledProcessError: Command '['/opt/homebrew/bin/databricks', 'auth', 'token', '--profile', 'intuit-e2-739275435815-exploration-prd']' returned non-zero exit status 1.
09:00:50  Starting detach viz refresh (v2 — 6-cohort)...
09:00:50  Run failed: Command '['/opt/homebrew/bin/databricks', 'auth', 'token', '--profile', 'intuit-e2-739275435815-exploration-prd']' returned non-zero exit status 1.
09:00:57  Failure email sent.
Traceback (most recent call last):
  File "/Users/lhuang6/detach-test-full-read/run.py", line 735, in <module>
    token = get_databricks_token()
  File "/Users/lhuang6/detach-test-full-read/run.py", line 151, in get_databricks_token
    result = subprocess.run(
        ["/opt/homebrew/bin/databricks", "auth", "token", "--profile", DB_PROFILE],
        capture_output=True, text=True, check=True,
    )
  File "/opt/homebrew/Cellar/python@3.14/3.14.3_1/Frameworks/Python.framework/Versions/3.14/lib/python3.14/subprocess.py", line 577, in run
    raise CalledProcessError(retcode, process.args,
                             output=stdout, stderr=stderr)
subprocess.CalledProcessError: Command '['/opt/homebrew/bin/databricks', 'auth', 'token', '--profile', 'intuit-e2-739275435815-exploration-prd']' returned non-zero exit status 1.
09:00:06  Starting detach viz refresh (v2 — 6-cohort)...
09:00:06  Run failed: Command '['/opt/homebrew/bin/databricks', 'auth', 'token', '--profile', 'intuit-e2-739275435815-exploration-prd']' returned non-zero exit status 1.
09:00:09  Failure email sent.
Traceback (most recent call last):
  File "/Users/lhuang6/detach-test-full-read/run.py", line 735, in <module>
    token = get_databricks_token()
  File "/Users/lhuang6/detach-test-full-read/run.py", line 151, in get_databricks_token
    result = subprocess.run(
        ["/opt/homebrew/bin/databricks", "auth", "token", "--profile", DB_PROFILE],
        capture_output=True, text=True, check=True,
    )
  File "/opt/homebrew/Cellar/python@3.14/3.14.3_1/Frameworks/Python.framework/Versions/3.14/lib/python3.14/subprocess.py", line 577, in run
    raise CalledProcessError(retcode, process.args,
                             output=stdout, stderr=stderr)
subprocess.CalledProcessError: Command '['/opt/homebrew/bin/databricks', 'auth', 'token', '--profile', 'intuit-e2-739275435815-exploration-prd']' returned non-zero exit status 1.
09:14:52  Starting detach viz refresh (v2 — 6-cohort)...
09:14:52  Run failed: Command '['/opt/homebrew/bin/databricks', 'auth', 'token', '--profile', 'intuit-e2-739275435815-exploration-prd']' returned non-zero exit status 1.
09:14:58  Failure email sent.
Traceback (most recent call last):
  File "/Users/lhuang6/detach-test-full-read/run.py", line 735, in <module>
    token = get_databricks_token()
  File "/Users/lhuang6/detach-test-full-read/run.py", line 151, in get_databricks_token
    result = subprocess.run(
        ["/opt/homebrew/bin/databricks", "auth", "token", "--profile", DB_PROFILE],
        capture_output=True, text=True, check=True,
    )
  File "/opt/homebrew/Cellar/python@3.14/3.14.3_1/Frameworks/Python.framework/Versions/3.14/lib/python3.14/subprocess.py", line 577, in run
    raise CalledProcessError(retcode, process.args,
                             output=stdout, stderr=stderr)
subprocess.CalledProcessError: Command '['/opt/homebrew/bin/databricks', 'auth', 'token', '--profile', 'intuit-e2-739275435815-exploration-prd']' returned non-zero exit status 1.
09:00:07  Starting detach viz refresh (v2 — 6-cohort)...
09:00:07  Run failed: Command '['/opt/homebrew/bin/databricks', 'auth', 'token', '--profile', 'intuit-e2-739275435815-exploration-prd']' returned non-zero exit status 1.
09:00:10  Failure email sent.
Traceback (most recent call last):
  File "/Users/lhuang6/detach-test-full-read/run.py", line 735, in <module>
    token = get_databricks_token()
  File "/Users/lhuang6/detach-test-full-read/run.py", line 151, in get_databricks_token
    result = subprocess.run(
        ["/opt/homebrew/bin/databricks", "auth", "token", "--profile", DB_PROFILE],
        capture_output=True, text=True, check=True,
    )
  File "/opt/homebrew/Cellar/python@3.14/3.14.3_1/Frameworks/Python.framework/Versions/3.14/lib/python3.14/subprocess.py", line 577, in run
    raise CalledProcessError(retcode, process.args,
                             output=stdout, stderr=stderr)
subprocess.CalledProcessError: Command '['/opt/homebrew/bin/databricks', 'auth', 'token', '--profile', 'intuit-e2-739275435815-exploration-prd']' returned non-zero exit status 1.
09:15:04  Starting detach viz refresh (v2 — 6-cohort)...
09:15:07  [WARN] pyarrow is not installed by default since databricks-sql-connector 4.0.0,any arrow specific api (e.g. fetchmany_arrow) and cloud fetch will be disabled.If you need these features, please run pip install pyarrow or pip install databricks-sql-connector[pyarrow] to install
09:15:07  Received status code 200 for POST request
09:15:07  HTTP Response with status code 200, message: OK
09:15:07  Successfully opened session 01f14e1d-be3c-16e8-b3f3-0d937cddc016
09:15:08  Received status code 200 for GET request
09:15:08  Running query: cohort_sizes
09:15:13  Received status code 200 for POST request
09:15:13  HTTP Response with status code 200, message: OK
09:26:28  Retrying (DatabricksRetryPolicy(total=29, connect=None, read=None, redirect=None, status=None)) after connection broken by 'RemoteDisconnected('Remote end closed connection without response')': /sql/1.0/warehouses/8da963fd21c39bf4
09:26:28  Received status code 200 for POST request
09:26:28  HTTP Response with status code 200, message: OK
09:26:28  Received status code 200 for POST request
09:26:28  HTTP Response with status code 200, message: OK
09:26:29  Received status code 200 for POST request
09:26:29  HTTP Response with status code 200, message: OK
09:26:29  Received status code 200 for POST request
09:26:29  HTTP Response with status code 200, message: OK
09:26:29    -> 4 rows
09:26:29  Running query: engagement_detail
09:26:34  Received status code 200 for POST request
09:26:34  HTTP Response with status code 200, message: OK
09:26:36  Received status code 200 for POST request
09:26:36  HTTP Response with status code 200, message: OK
09:26:36  Received status code 200 for POST request
09:26:36  HTTP Response with status code 200, message: OK
09:26:36  Received status code 200 for POST request
09:26:36  HTTP Response with status code 200, message: OK
09:26:40  Received status code 200 for POST request
09:26:40  HTTP Response with status code 200, message: OK
09:26:40    -> 54313 rows
09:26:40  Running query: franchise_completion
09:26:45  Received status code 200 for POST request
09:26:45  HTTP Response with status code 200, message: OK
09:26:50  Received status code 200 for POST request
09:26:50  HTTP Response with status code 200, message: OK
09:26:51  Received status code 200 for POST request
09:26:51  HTTP Response with status code 200, message: OK
09:26:51  Received status code 200 for POST request
09:26:51  HTTP Response with status code 200, message: OK
09:26:52  Received status code 200 for POST request
09:26:52  HTTP Response with status code 200, message: OK
09:26:55  Received status code 200 for POST request
09:26:55  HTTP Response with status code 200, message: OK
09:26:55    -> 54313 rows
09:26:55  Running query: diwm
09:27:00  Received status code 200 for POST request
09:27:00  HTTP Response with status code 200, message: OK
09:27:05  Received status code 200 for POST request
09:27:05  HTTP Response with status code 200, message: OK
09:27:10  Received status code 200 for POST request
09:27:10  HTTP Response with status code 200, message: OK
09:27:11  Received status code 200 for POST request
09:27:11  HTTP Response with status code 200, message: OK
09:27:11  Received status code 200 for POST request
09:27:11  HTTP Response with status code 200, message: OK
09:27:11  Received status code 200 for POST request
09:27:11  HTTP Response with status code 200, message: OK
09:27:14  Received status code 200 for POST request
09:27:14  HTTP Response with status code 200, message: OK
09:27:14    -> 54313 rows
09:27:14  Closing session 01f14e1d-be3c-16e8-b3f3-0d937cddc016
09:27:14  Received status code 200 for POST request
09:27:14  HTTP Response with status code 200, message: OK
09:27:14  Loaded action IDs: 6082 detach, 6236 unassign
09:27:15  Cohort sizes: {'Detach_Acted': 6082, 'Detach_MsgOnly': 11671, 'Holdout_Full': 2344, 'Holdout_LowIntent': 1602, 'Unassign_Acted': 6235, 'Unassign_MsgOnly': 11523}
09:27:19  Rendered /Users/lhuang6/detach-test-full-read/index.html (34,386 bytes)
[main 68c6a83] Daily refresh 2026-05-12
 3 files changed, 245 insertions(+), 45 deletions(-)
fatal: unable to access 'https://github.com/Lanny-Huang/detach-test-full-read.git/': Failed to connect to github.com port 443 after 712 ms: Couldn't connect to server
09:27:20  Run failed: Command '['git', 'push', 'origin', 'main']' returned non-zero exit status 128.
09:27:22  Retrying (DatabricksRetryPolicy(total=4, connect=None, read=None, redirect=None, status=None)) after connection broken by 'NewConnectionError("HTTPSConnection(host='intuit-e2-739275435815-exploration-prd.cloud.databricks.com', port=443): Failed to establish a new connection: [Errno 53] Software caused connection abort")': /telemetry-ext
09:27:22  Received status code 429 for POST request
09:27:22  Failure email sent.
Traceback (most recent call last):
  File "/Users/lhuang6/detach-test-full-read/run.py", line 739, in <module>
    git_push()
    ~~~~~~~~^^
  File "/Users/lhuang6/detach-test-full-read/run.py", line 677, in git_push
    subprocess.run(["git", "push", "origin", "main"], check=True)
    ~~~~~~~~~~~~~~^^^^^^^^^^^^^^^^^^^^^^^^^^^^^^^^^^^^^^^^^^^^^^^
  File "/opt/homebrew/Cellar/python@3.14/3.14.3_1/Frameworks/Python.framework/Versions/3.14/lib/python3.14/subprocess.py", line 577, in run
    raise CalledProcessError(retcode, process.args,
                             output=stdout, stderr=stderr)
subprocess.CalledProcessError: Command '['git', 'push', 'origin', 'main']' returned non-zero exit status 128.
09:44:46  Received status code 200 for POST request
09:00:12  Starting detach viz refresh (v2 — 6-cohort)...
09:00:14  [WARN] pyarrow is not installed by default since databricks-sql-connector 4.0.0,any arrow specific api (e.g. fetchmany_arrow) and cloud fetch will be disabled.If you need these features, please run pip install pyarrow or pip install databricks-sql-connector[pyarrow] to install
09:00:14  Received status code 200 for POST request
09:00:14  HTTP Response with status code 200, message: OK
09:00:14  Successfully opened session 01f14ee4-d46e-10aa-9f07-fcc6b60e413f
09:00:15  Received status code 200 for GET request
09:00:15  Running query: cohort_sizes
09:00:20  Received status code 200 for POST request
09:00:20  HTTP Response with status code 200, message: OK
09:00:22  Received status code 200 for POST request
09:00:22  HTTP Response with status code 200, message: OK
09:00:22  Received status code 200 for POST request
09:00:22  HTTP Response with status code 200, message: OK
09:00:22  Received status code 200 for POST request
09:00:22  HTTP Response with status code 200, message: OK
09:00:23  Received status code 200 for POST request
09:00:23  HTTP Response with status code 200, message: OK
09:00:23    -> 4 rows
09:00:23  Running query: engagement_detail
09:00:28  Received status code 200 for POST request
09:00:28  HTTP Response with status code 200, message: OK
09:00:28  Received status code 200 for POST request
09:00:28  HTTP Response with status code 200, message: OK
09:00:28  Received status code 200 for POST request
09:00:28  HTTP Response with status code 200, message: OK
09:00:29  Received status code 200 for POST request
09:00:29  HTTP Response with status code 200, message: OK
09:00:34  Received status code 200 for POST request
09:00:34  HTTP Response with status code 200, message: OK
09:00:34    -> 54313 rows
09:00:34  Running query: franchise_completion
09:00:39  Received status code 200 for POST request
09:00:39  HTTP Response with status code 200, message: OK
09:00:40  Received status code 200 for POST request
09:00:40  HTTP Response with status code 200, message: OK
09:00:40  Received status code 200 for POST request
09:00:40  HTTP Response with status code 200, message: OK
09:00:41  Received status code 200 for POST request
09:00:41  HTTP Response with status code 200, message: OK
09:00:44  Received status code 200 for POST request
09:00:44  HTTP Response with status code 200, message: OK
09:00:44    -> 54313 rows
09:00:44  Running query: diwm
09:00:49  Received status code 200 for POST request
09:00:49  HTTP Response with status code 200, message: OK
09:00:51  Received status code 200 for POST request
09:00:51  HTTP Response with status code 200, message: OK
09:00:52  Received status code 200 for POST request
09:00:52  HTTP Response with status code 200, message: OK
09:00:52  Received status code 200 for POST request
09:00:52  HTTP Response with status code 200, message: OK
09:00:55  Received status code 200 for POST request
09:00:55  HTTP Response with status code 200, message: OK
09:00:55    -> 54313 rows
09:00:55  Closing session 01f14ee4-d46e-10aa-9f07-fcc6b60e413f
09:00:55  Received status code 200 for POST request
09:00:55  HTTP Response with status code 200, message: OK
09:00:55  Loaded action IDs: 6082 detach, 6236 unassign
09:00:56  Cohort sizes: {'Detach_Acted': 6082, 'Detach_MsgOnly': 11671, 'Holdout_Full': 2344, 'Holdout_LowIntent': 1602, 'Unassign_Acted': 6235, 'Unassign_MsgOnly': 11523}
09:00:56  Received status code 429 for POST request
09:01:00  Rendered /Users/lhuang6/detach-test-full-read/index.html (34,387 bytes)
[main b8db01f] Daily refresh 2026-05-13
 2 files changed, 105 insertions(+), 25 deletions(-)
To https://github.com/Lanny-Huang/detach-test-full-read.git
   bdb9791..b8db01f  main -> main
09:01:02  Pushed to GitHub Pages (2026-05-13).
09:01:05  Mirrored to Lanny-Agentic-Playground/reports/detach-test-full-read.html
09:01:05  Done.
09:01:06  Received status code 200 for POST request
09:00:05  Starting detach viz refresh (v2 — 6-cohort)...
09:00:06  [WARN] pyarrow is not installed by default since databricks-sql-connector 4.0.0,any arrow specific api (e.g. fetchmany_arrow) and cloud fetch will be disabled.If you need these features, please run pip install pyarrow or pip install databricks-sql-connector[pyarrow] to install
09:00:07  Received status code 200 for POST request
09:00:07  HTTP Response with status code 200, message: OK
09:00:07  Successfully opened session 01f14fad-fa48-152b-99ba-5241cabcc4d8
09:00:07  Received status code 200 for GET request
09:00:07  Running query: cohort_sizes
09:00:10  Received status code 200 for POST request
09:00:10  HTTP Response with status code 200, message: OK
09:00:10    -> 4 rows
09:00:10  Running query: engagement_detail
09:00:14  Received status code 200 for POST request
09:00:14  HTTP Response with status code 200, message: OK
09:00:19    -> 54313 rows
09:00:19  Running query: franchise_completion
09:00:21  Received status code 200 for POST request
09:00:21  HTTP Response with status code 200, message: OK
09:00:24    -> 54313 rows
09:00:24  Running query: diwm
09:00:28  Received status code 200 for POST request
09:00:28  HTTP Response with status code 200, message: OK
09:00:31    -> 54313 rows
09:00:31  Closing session 01f14fad-fa48-152b-99ba-5241cabcc4d8
09:00:31  Received status code 200 for POST request
09:00:31  HTTP Response with status code 200, message: OK
09:00:31  Loaded action IDs: 6082 detach, 6236 unassign
09:00:31  Cohort sizes: {'Detach_Acted': 6082, 'Detach_MsgOnly': 11671, 'Holdout_Full': 2344, 'Holdout_LowIntent': 1602, 'Unassign_Acted': 6235, 'Unassign_MsgOnly': 11523}
09:00:32  Received status code 429 for POST request
09:00:35  Rendered /Users/lhuang6/detach-test-full-read/index.html (34,389 bytes)
